<?xml version="1.0" encoding="UTF-8"?>
<!-- Generated by org.testng.reporters.JUnitReportReporter -->
<testsuite skipped="0" hostname="DESKTOP-U08G1R0" name="com.sgtesting.testngscenarios.CreateUser" tests="9" failures="0" timestamp="2021-10-27T14:18:49 IST" time="47.271" errors="0">
  <testcase name="launchBrowser" time="2.293" classname="com.sgtesting.testngscenarios.CreateUser"/>
  <system-out/>
  <testcase name="navigate" time="6.269" classname="com.sgtesting.testngscenarios.CreateUser"/>
  <system-out/>
  <testcase name="login" time="4.530" classname="com.sgtesting.testngscenarios.CreateUser"/>
  <system-out/>
  <testcase name="minimizeFlyOutWindow" time="5.933" classname="com.sgtesting.testngscenarios.CreateUser"/>
  <system-out/>
  <testcase name="createUser" time="10.609" classname="com.sgtesting.testngscenarios.CreateUser"/>
  <system-out/>
  <testcase name="modifyUser" time="8.537" classname="com.sgtesting.testngscenarios.CreateUser"/>
  <system-out/>
  <testcase name="deleteUser" time="6.411" classname="com.sgtesting.testngscenarios.CreateUser"/>
  <system-out/>
  <testcase name="logout" time="2.531" classname="com.sgtesting.testngscenarios.CreateUser"/>
  <system-out/>
  <testcase name="closeApplication" time="0.158" classname="com.sgtesting.testngscenarios.CreateUser"/>
  <system-out/>
</testsuite> <!-- com.sgtesting.testngscenarios.CreateUser -->
