<?xml version="1.0" encoding="UTF-8"?>
<!-- Generated by org.testng.reporters.JUnitReportReporter -->
<testsuite skipped="0" hostname="DESKTOP-U08G1R0" name="com.sgtesting.testngscenarios.CreateCustomer" tests="9" failures="0" timestamp="2021-10-27T14:31:02 IST" time="47.361" errors="0">
  <testcase name="launchBrowser" time="2.496" classname="com.sgtesting.testngscenarios.CreateCustomer"/>
  <system-out/>
  <testcase name="navigate" time="6.276" classname="com.sgtesting.testngscenarios.CreateCustomer"/>
  <system-out/>
  <testcase name="login" time="4.384" classname="com.sgtesting.testngscenarios.CreateCustomer"/>
  <system-out/>
  <testcase name="minimizeFlyOutWindow" time="4.568" classname="com.sgtesting.testngscenarios.CreateCustomer"/>
  <system-out/>
  <testcase name="createCustomer" time="7.705" classname="com.sgtesting.testngscenarios.CreateCustomer"/>
  <system-out/>
  <testcase name="modifyCustomer" time="6.684" classname="com.sgtesting.testngscenarios.CreateCustomer"/>
  <system-out/>
  <testcase name="deleteCustomer" time="12.654" classname="com.sgtesting.testngscenarios.CreateCustomer"/>
  <system-out/>
  <testcase name="logout" time="2.379" classname="com.sgtesting.testngscenarios.CreateCustomer"/>
  <system-out/>
  <testcase name="closeApplication" time="0.215" classname="com.sgtesting.testngscenarios.CreateCustomer"/>
  <system-out/>
</testsuite> <!-- com.sgtesting.testngscenarios.CreateCustomer -->
