<?xml version="1.0" encoding="UTF-8"?>
<!-- Generated by org.testng.reporters.JUnitReportReporter -->
<testsuite skipped="0" hostname="DESKTOP-U08G1R0" name="com.sgtesting.testngscenarios.CreateProject" tests="11" failures="0" timestamp="2021-10-27T14:44:24 IST" time="61.959" errors="0">
  <testcase name="launchBrowser" time="2.331" classname="com.sgtesting.testngscenarios.CreateProject"/>
  <system-out/>
  <testcase name="navigate" time="6.394" classname="com.sgtesting.testngscenarios.CreateProject"/>
  <system-out/>
  <testcase name="login" time="4.330" classname="com.sgtesting.testngscenarios.CreateProject"/>
  <system-out/>
  <testcase name="minimizeFlyOutWindow" time="2.371" classname="com.sgtesting.testngscenarios.CreateProject"/>
  <system-out/>
  <testcase name="createCustomer" time="7.199" classname="com.sgtesting.testngscenarios.CreateProject"/>
  <system-out/>
  <testcase name="createProject" time="6.619" classname="com.sgtesting.testngscenarios.CreateProject"/>
  <system-out/>
  <testcase name="modifyProject" time="6.699" classname="com.sgtesting.testngscenarios.CreateProject"/>
  <system-out/>
  <testcase name="deleteProject" time="10.656" classname="com.sgtesting.testngscenarios.CreateProject"/>
  <system-out/>
  <testcase name="deleteCustomer" time="12.712" classname="com.sgtesting.testngscenarios.CreateProject"/>
  <system-out/>
  <testcase name="logout" time="2.457" classname="com.sgtesting.testngscenarios.CreateProject"/>
  <system-out/>
  <testcase name="closeApplication" time="0.191" classname="com.sgtesting.testngscenarios.CreateProject"/>
  <system-out/>
</testsuite> <!-- com.sgtesting.testngscenarios.CreateProject -->
