<?xml version="1.0" encoding="UTF-8"?>
<!-- Generated by org.testng.reporters.JUnitReportReporter -->
<testsuite skipped="0" hostname="DESKTOP-U08G1R0" name="com.sgtesting.testngscenarios.CreateTask" tests="12" failures="0" timestamp="2021-10-27T14:53:46 IST" time="71.968" errors="0">
  <testcase name="launchBrowser" time="5.012" classname="com.sgtesting.testngscenarios.CreateTask"/>
  <system-out/>
  <testcase name="navigate" time="3.899" classname="com.sgtesting.testngscenarios.CreateTask"/>
  <system-out/>
  <testcase name="login" time="4.429" classname="com.sgtesting.testngscenarios.CreateTask"/>
  <system-out/>
  <testcase name="minimizeFlyOutWindow" time="5.289" classname="com.sgtesting.testngscenarios.CreateTask"/>
  <system-out/>
  <testcase name="createCustomer" time="7.300" classname="com.sgtesting.testngscenarios.CreateTask"/>
  <system-out/>
  <testcase name="createProject" time="6.569" classname="com.sgtesting.testngscenarios.CreateTask"/>
  <system-out/>
  <testcase name="createTask" time="4.756" classname="com.sgtesting.testngscenarios.CreateTask"/>
  <system-out/>
  <testcase name="deleteTask" time="8.702" classname="com.sgtesting.testngscenarios.CreateTask"/>
  <system-out/>
  <testcase name="deleteProject" time="10.696" classname="com.sgtesting.testngscenarios.CreateTask"/>
  <system-out/>
  <testcase name="deleteCustomer" time="12.682" classname="com.sgtesting.testngscenarios.CreateTask"/>
  <system-out/>
  <testcase name="logout" time="2.468" classname="com.sgtesting.testngscenarios.CreateTask"/>
  <system-out/>
  <testcase name="closeApplication" time="0.166" classname="com.sgtesting.testngscenarios.CreateTask"/>
  <system-out/>
</testsuite> <!-- com.sgtesting.testngscenarios.CreateTask -->
