<?xml version="1.0" encoding="UTF-8"?>
<!-- Generated by org.testng.reporters.JUnitReportReporter -->
<testsuite skipped="0" hostname="DESKTOP-U08G1R0" name="com.sgtesting.tests.users.Users" tests="2" failures="0" timestamp="2021-11-06T14:34:13 IST" time="0.032" errors="0">
  <testcase name="usersTestCase1" time="0.029" classname="com.sgtesting.tests.users.Users"/>
  <system-out/>
  <testcase name="usersTestCase2" time="0.003" classname="com.sgtesting.tests.users.Users"/>
  <system-out/>
</testsuite> <!-- com.sgtesting.tests.users.Users -->
