<?xml version="1.0" encoding="UTF-8"?>
<!-- Generated by org.testng.reporters.JUnitReportReporter -->
<testsuite skipped="0" hostname="DESKTOP-U08G1R0" name="com.sgtesting.tests.products.Products" tests="2" failures="0" timestamp="2021-11-06T14:34:13 IST" time="0.007" errors="0">
  <testcase name="productsTestCase1" time="0.005" classname="com.sgtesting.tests.products.Products"/>
  <system-out/>
  <testcase name="productsTestCase2" time="0.002" classname="com.sgtesting.tests.products.Products"/>
  <system-out/>
</testsuite> <!-- com.sgtesting.tests.products.Products -->
