<?xml version="1.0" encoding="UTF-8"?>
<!-- Generated by org.testng.reporters.JUnitReportReporter -->
<testsuite skipped="0" hostname="DESKTOP-U08G1R0" name="com.sgtesting.actitime.driverscript.DriverScript" tests="1" failures="0" timestamp="2021-11-16T16:31:16 IST" time="102.701" errors="0">
  <testcase name="executeTestScenarios" time="102.701" classname="com.sgtesting.actitime.driverscript.DriverScript"/>
  <system-out/>
</testsuite> <!-- com.sgtesting.actitime.driverscript.DriverScript -->
