<?xml version="1.0" encoding="UTF-8"?>
<!-- Generated by org.testng.reporters.JUnitReportReporter -->
<testsuite hostname="DESKTOP-U08G1R0" name="com.sgtesting.actitime.testsuite.DriverScript" tests="2" failures="0" timestamp="16 Nov 2021 14:05:59 GMT" time="81.271" errors="0">
  <testcase name="feature" time="20.400" classname="com.sgtesting.actitime.testsuite.DriverScript"/>
  <testcase name="feature" time="60.871" classname="com.sgtesting.actitime.testsuite.DriverScript"/>
</testsuite> <!-- com.sgtesting.actitime.testsuite.DriverScript -->
